<?xml version="1.0" encoding="UTF-8"?>
<coverage generated="1673910774328" clover="3.2.0">
  <project timestamp="1673910774328" name="All files">
    <metrics statements="43" coveredstatements="41" conditionals="2" coveredconditionals="1" methods="9" coveredmethods="7" elements="54" coveredelements="49" complexity="0" loc="43" ncloc="43" packages="1" files="3" classes="3"/>
    <file name="action_button_component.vue" path="/var/www/html/CursosDev/job-search-vue/src/components/action_button_component.vue">
      <metrics statements="7" coveredstatements="7" conditionals="0" coveredconditionals="0" methods="1" coveredmethods="1"/>
      <line num="4" count="1" type="stmt"/>
      <line num="7" count="1" type="stmt"/>
      <line num="69" count="1" type="stmt"/>
      <line num="72" count="1" type="stmt"/>
      <line num="73" count="1" type="stmt"/>
      <line num="75" count="2" type="stmt"/>
      <line num="78" count="1" type="stmt"/>
    </file>
    <file name="profile_image_component.vue" path="/var/www/html/CursosDev/job-search-vue/src/components/profile_image_component.vue">
      <metrics statements="16" coveredstatements="15" conditionals="0" coveredconditionals="0" methods="4" coveredmethods="3"/>
      <line num="4" count="1" type="stmt"/>
      <line num="7" count="1" type="stmt"/>
      <line num="8" count="1" type="stmt"/>
      <line num="13" count="1" type="stmt"/>
      <line num="14" count="1" type="stmt"/>
      <line num="15" count="1" type="stmt"/>
      <line num="17" count="1" type="stmt"/>
      <line num="20" count="0" type="stmt"/>
      <line num="23" count="1" type="stmt"/>
      <line num="27" count="1" type="stmt"/>
      <line num="34" count="1" type="stmt"/>
      <line num="37" count="1" type="stmt"/>
      <line num="38" count="1" type="stmt"/>
      <line num="39" count="1" type="stmt"/>
      <line num="41" count="1" type="stmt"/>
      <line num="47" count="1" type="stmt"/>
    </file>
    <file name="sub_nav_component.vue" path="/var/www/html/CursosDev/job-search-vue/src/components/sub_nav_component.vue">
      <metrics statements="20" coveredstatements="19" conditionals="2" coveredconditionals="1" methods="4" coveredmethods="3"/>
      <line num="4" count="1" type="stmt"/>
      <line num="7" count="1" type="stmt"/>
      <line num="8" count="1" type="stmt"/>
      <line num="13" count="2" type="stmt"/>
      <line num="14" count="2" type="stmt"/>
      <line num="15" count="2" type="stmt"/>
      <line num="17" count="2" type="stmt"/>
      <line num="20" count="0" type="stmt"/>
      <line num="23" count="2" type="stmt"/>
      <line num="27" count="2" type="stmt"/>
      <line num="34" count="1" type="stmt"/>
      <line num="37" count="1" type="stmt"/>
      <line num="38" count="1" type="stmt"/>
      <line num="39" count="1" type="stmt"/>
      <line num="42" count="1" type="stmt"/>
      <line num="45" count="1" type="stmt"/>
      <line num="49" count="1" type="stmt"/>
      <line num="54" count="2" type="stmt"/>
      <line num="55" count="2" type="cond" truecount="1" falsecount="1"/>
      <line num="59" count="1" type="stmt"/>
    </file>
  </project>
</coverage>
