{"/var/www/html/CursosDev/job-search-vue/src/components/action_button_component.vue": {"path":"/var/www/html/CursosDev/job-search-vue/src/components/action_button_component.vue","statementMap":{"0":{"start":{"line":3,"column":0},"end":{"line":5,"column":3}},"1":{"start":{"line":6,"column":0},"end":{"line":6,"column":24}},"2":{"start":{"line":7,"column":11},"end":{"line":7,"column":25}},"3":{"start":{"line":8,"column":19},"end":{"line":10,"column":1}},"4":{"start":{"line":12,"column":2},"end":{"line":12,"column":96}},"5":{"start":{"line":13,"column":2},"end":{"line":13,"column":49}}},"fnMap":{"0":{"name":"render","decl":{"start":{"line":11,"column":9},"end":{"line":11,"column":15}},"loc":{"start":{"line":11,"column":30},"end":{"line":13,"column":1}},"line":11}},"branchMap":{},"s":{"0":1,"1":1,"2":1,"3":1,"4":4,"5":1},"f":{"0":4},"b":{},"inputSourceMap":{"0":"{","1":"\"","2":"v","3":"e","4":"r","5":"s","6":"i","7":"o","8":"n","9":"\"","10":":","11":"3","12":",","13":"\"","14":"s","15":"o","16":"u","17":"r","18":"c","19":"e","20":"s","21":"\"","22":":","23":"[","24":"]","25":",","26":"\"","27":"n","28":"a","29":"m","30":"e","31":"s","32":"\"","33":":","34":"[","35":"]","36":",","37":"\"","38":"m","39":"a","40":"p","41":"p","42":"i","43":"n","44":"g","45":"s","46":"\"","47":":","48":"\"","49":"\"","50":",","51":"\"","52":"f","53":"i","54":"l","55":"e","56":"\"","57":":","58":"\"","59":"/","60":"v","61":"a","62":"r","63":"/","64":"w","65":"w","66":"w","67":"/","68":"h","69":"t","70":"m","71":"l","72":"/","73":"C","74":"u","75":"r","76":"s","77":"o","78":"s","79":"D","80":"e","81":"v","82":"/","83":"j","84":"o","85":"b","86":"-","87":"s","88":"e","89":"a","90":"r","91":"c","92":"h","93":"-","94":"v","95":"u","96":"e","97":"/","98":"s","99":"r","100":"c","101":"/","102":"c","103":"o","104":"m","105":"p","106":"o","107":"n","108":"e","109":"n","110":"t","111":"s","112":"/","113":"a","114":"c","115":"t","116":"i","117":"o","118":"n","119":"_","120":"b","121":"u","122":"t","123":"t","124":"o","125":"n","126":"_","127":"c","128":"o","129":"m","130":"p","131":"o","132":"n","133":"e","134":"n","135":"t","136":".","137":"v","138":"u","139":"e","140":"\"","141":"}"},"_coverageSchema":"1a1c01bbd47fc00a2c39e90264f33305004495a9","hash":"8a48306227a6baa3a7508a6ee96edf1170eaf0ec"}
,"/var/www/html/CursosDev/job-search-vue/src/components/main_nav_component.vue": {"path":"/var/www/html/CursosDev/job-search-vue/src/components/main_nav_component.vue","statementMap":{"0":{"start":{"line":4,"column":29},"end":{"line":4,"column":147}},"1":{"start":{"line":5,"column":0},"end":{"line":7,"column":3}},"2":{"start":{"line":8,"column":0},"end":{"line":8,"column":25}},"3":{"start":{"line":59,"column":0},"end":{"line":61,"column":3}},"4":{"start":{"line":62,"column":0},"end":{"line":62,"column":24}},"5":{"start":{"line":63,"column":11},"end":{"line":63,"column":25}},"6":{"start":{"line":64,"column":19},"end":{"line":66,"column":1}},"7":{"start":{"line":67,"column":19},"end":{"line":69,"column":1}},"8":{"start":{"line":70,"column":19},"end":{"line":72,"column":1}},"9":{"start":{"line":73,"column":19},"end":{"line":75,"column":1}},"10":{"start":{"line":76,"column":19},"end":{"line":78,"column":1}},"11":{"start":{"line":79,"column":19},"end":{"line":82,"column":1}},"12":{"start":{"line":83,"column":19},"end":{"line":85,"column":1}},"13":{"start":{"line":87,"column":2},"end":{"line":101,"column":14}},"14":{"start":{"line":91,"column":4},"end":{"line":94,"column":103}},"15":{"start":{"line":102,"column":2},"end":{"line":102,"column":49}}},"fnMap":{"0":{"name":"render","decl":{"start":{"line":86,"column":9},"end":{"line":86,"column":15}},"loc":{"start":{"line":86,"column":63},"end":{"line":102,"column":1}},"line":86},"1":{"name":"(anonymous_1)","decl":{"start":{"line":90,"column":259},"end":{"line":90,"column":260}},"loc":{"start":{"line":90,"column":267},"end":{"line":95,"column":3}},"line":90}},"branchMap":{"0":{"loc":{"start":{"line":95,"column":87},"end":{"line":101,"column":5}},"type":"cond-expr","locations":[{"start":{"line":95,"column":108},"end":{"line":98,"column":4}},{"start":{"line":98,"column":9},"end":{"line":101,"column":4}}],"line":95}},"s":{"0":1,"1":1,"2":1,"3":1,"4":1,"5":1,"6":1,"7":1,"8":1,"9":1,"10":1,"11":1,"12":1,"13":4,"14":24,"15":1},"f":{"0":4,"1":24},"b":{"0":[0,4]},"inputSourceMap":{"0":"{","1":"\"","2":"v","3":"e","4":"r","5":"s","6":"i","7":"o","8":"n","9":"\"","10":":","11":"3","12":",","13":"\"","14":"s","15":"o","16":"u","17":"r","18":"c","19":"e","20":"s","21":"\"","22":":","23":"[","24":"\"","25":"/","26":"v","27":"a","28":"r","29":"/","30":"w","31":"w","32":"w","33":"/","34":"h","35":"t","36":"m","37":"l","38":"/","39":"C","40":"u","41":"r","42":"s","43":"o","44":"s","45":"D","46":"e","47":"v","48":"/","49":"j","50":"o","51":"b","52":"-","53":"s","54":"e","55":"a","56":"r","57":"c","58":"h","59":"-","60":"v","61":"u","62":"e","63":"/","64":"s","65":"r","66":"c","67":"/","68":"c","69":"o","70":"m","71":"p","72":"o","73":"n","74":"e","75":"n","76":"t","77":"s","78":"/","79":"m","80":"a","81":"i","82":"n","83":"_","84":"n","85":"a","86":"v","87":"_","88":"c","89":"o","90":"m","91":"p","92":"o","93":"n","94":"e","95":"n","96":"t","97":".","98":"v","99":"u","100":"e","101":"\"","102":"]","103":",","104":"\"","105":"n","106":"a","107":"m","108":"e","109":"s","110":"\"","111":":","112":"[","113":"]","114":",","115":"\"","116":"m","117":"a","118":"p","119":"p","120":"i","121":"n","122":"g","123":"s","124":"\"","125":":","126":"\"","127":";","128":";","129":";","130":";","131":";","132":";","133":";","134":";","135":"A","136":"A","137":"i","138":"C","139":"A","140":";","141":"A","142":"A","143":"A","144":"A","145":";","146":"A","147":"A","148":"A","149":"A","150":";","151":"A","152":"A","153":"C","154":"A","155":";","156":"A","157":"A","158":"A","159":"A","160":";","161":"A","162":"A","163":"A","164":"A","165":";","166":"A","167":"A","168":"A","169":"2","170":"E","171":";","172":"A","173":"A","174":"A","175":"A","176":";","177":";","178":";","179":";","180":";","181":";","182":"I","183":"A","184":"C","185":"3","186":"E","187":",","188":"M","189":"A","190":"A","191":"M","192":",","193":"O","194":"A","195":"A","196":"O","197":",","198":"G","199":"A","200":"A","201":"G","202":",","203":"a","204":"A","205":"A","206":"a","207":";","208":"I","209":"A","210":"C","211":"7","212":"B","213":",","214":"M","215":"A","216":"A","217":"M","218":",","219":"G","220":"A","221":"A","222":"G","223":",","224":"G","225":"A","226":"A","227":"G","228":",","229":"4","230":"B","231":"A","232":"A","233":"4","234":"B","235":";","236":"I","237":"A","238":"C","239":"x","240":"C","241":",","242":"M","243":"A","244":"A","245":"M","246":",","247":"S","248":"A","249":"A","250":"S","251":",","252":"G","253":"A","254":"A","255":"G","256":",","257":"C","258":"A","259":"C","260":"h","261":"B","262":",","263":"O","264":"A","265":"A","266":"O","267":",","268":"E","269":"A","270":"C","271":"P","272":",","273":"W","274":"A","275":"A","276":"W","277":",","278":"E","279":"A","280":"C","281":"X","282":",","283":"q","284":"B","285":"A","286":"A","287":"q","288":"B","289":",","290":"E","291":"A","292":"C","293":"r","294":"B","295":",","296":"a","297":"A","298":"A","299":"a","300":",","301":"E","302":"A","303":"C","304":"b","305":",","306":"S","307":"A","308":"A","309":"S","310":",","311":"E","312":"A","313":"C","314":"T","315":",","316":"M","317":"A","318":"A","319":"M","320":",","321":"C","322":"A","323":"C","324":"P","325":";","326":"I","327":"A","328":"C","329":"D","330":",","331":"M","332":"A","333":"A","334":"M","335":",","336":"U","337":"A","338":"A","339":"U","340":",","341":"G","342":"A","343":"A","344":"G","345":",","346":"K","347":"A","348":"A","349":"K","350":"\"","351":",","352":"\"","353":"f","354":"i","355":"l","356":"e","357":"\"","358":":","359":"\"","360":"/","361":"v","362":"a","363":"r","364":"/","365":"w","366":"w","367":"w","368":"/","369":"h","370":"t","371":"m","372":"l","373":"/","374":"C","375":"u","376":"r","377":"s","378":"o","379":"s","380":"D","381":"e","382":"v","383":"/","384":"j","385":"o","386":"b","387":"-","388":"s","389":"e","390":"a","391":"r","392":"c","393":"h","394":"-","395":"v","396":"u","397":"e","398":"/","399":"s","400":"r","401":"c","402":"/","403":"c","404":"o","405":"m","406":"p","407":"o","408":"n","409":"e","410":"n","411":"t","412":"s","413":"/","414":"m","415":"a","416":"i","417":"n","418":"_","419":"n","420":"a","421":"v","422":"_","423":"c","424":"o","425":"m","426":"p","427":"o","428":"n","429":"e","430":"n","431":"t","432":".","433":"v","434":"u","435":"e","436":"\"","437":",","438":"\"","439":"s","440":"o","441":"u","442":"r","443":"c","444":"e","445":"s","446":"C","447":"o","448":"n","449":"t","450":"e","451":"n","452":"t","453":"\"","454":":","455":"[","456":"\"","457":"<","458":"t","459":"e","460":"m","461":"p","462":"l","463":"a","464":"t","465":"e","466":">","467":"\\","468":"n","469":" ","470":" ","471":"<","472":"h","473":"e","474":"a","475":"d","476":"e","477":"r","478":" ","479":"c","480":"l","481":"a","482":"s","483":"s","484":"=","485":"\\","486":"\"","487":"w","488":"-","489":"f","490":"u","491":"l","492":"l","493":" ","494":"t","495":"e","496":"x","497":"t","498":"-","499":"s","500":"m","501":"\\","502":"\"","503":">","504":"\\","505":"n","506":" ","507":" ","508":" ","509":" ","510":"<","511":"d","512":"i","513":"v","514":" ","515":"c","516":"l","517":"a","518":"s","519":"s","520":"=","521":"\\","522":"\"","523":"f","524":"i","525":"x","526":"e","527":"d","528":" ","529":"t","530":"o","531":"p","532":"-","533":"0","534":" ","535":"l","536":"e","537":"f","538":"t","539":"-","540":"0","541":" ","542":"w","543":"-","544":"f","545":"u","546":"l","547":"l","548":" ","549":"h","550":"-","551":"1","552":"6","553":" ","554":"b","555":"g","556":"-","557":"w","558":"h","559":"i","560":"t","561":"e","562":"\\","563":"\"","564":">","565":"\\","566":"n","567":" ","568":" ","569":" ","570":" ","571":" ","572":" ","573":"<","574":"d","575":"i","576":"v","577":"\\","578":"n","579":" ","580":" ","581":" ","582":" ","583":" ","584":" ","585":" ","586":" ","587":"c","588":"l","589":"a","590":"s","591":"s","592":"=","593":"\\","594":"\"","595":"f","596":"l","597":"e","598":"x","599":" ","600":"f","601":"l","602":"e","603":"x","604":"-","605":"n","606":"o","607":"w","608":"r","609":"a","610":"p","611":" ","612":"h","613":"-","614":"f","615":"u","616":"l","617":"l","618":" ","619":"p","620":"x","621":"-","622":"8","623":" ","624":"m","625":"x","626":"-","627":"a","628":"u","629":"t","630":"o","631":" ","632":"b","633":"o","634":"r","635":"d","636":"e","637":"r","638":"-","639":"b","640":" ","641":"b","642":"o","643":"r","644":"d","645":"e","646":"r","647":"-","648":"s","649":"o","650":"l","651":"i","652":"d","653":" ","654":"b","655":"o","656":"r","657":"d","658":"e","659":"r","660":"-","661":"b","662":"r","663":"a","664":"n","665":"d","666":"-","667":"g","668":"r","669":"a","670":"y","671":"-","672":"1","673":"\\","674":"\"","675":"\\","676":"n","677":" ","678":" ","679":" ","680":" ","681":" ","682":" ","683":">","684":"\\","685":"n","686":" ","687":" ","688":" ","689":" ","690":" ","691":" ","692":" ","693":" ","694":"<","695":"a","696":" ","697":":","698":"h","699":"r","700":"e","701":"f","702":"=","703":"\\","704":"\"","705":"u","706":"r","707":"l","708":"\\","709":"\"","710":" ","711":"c","712":"l","713":"a","714":"s","715":"s","716":"=","717":"\\","718":"\"","719":"f","720":"l","721":"e","722":"x","723":" ","724":"i","725":"t","726":"e","727":"m","728":"s","729":"-","730":"c","731":"e","732":"n","733":"t","734":"e","735":"r","736":" ","737":"h","738":" ","739":"f","740":"u","741":"l","742":"l","743":" ","744":"t","745":"e","746":"x","747":"t","748":"-","749":"x","750":"l","751":"\\","752":"\"","753":">","754":"{","755":"{","756":"\\","757":"n","758":" ","759":" ","760":" ","761":" ","762":" ","763":" ","764":" ","765":" ","766":" ","767":" ","768":"c","769":"o","770":"m","771":"p","772":"a","773":"n","774":"y","775":"\\","776":"n","777":" ","778":" ","779":" ","780":" ","781":" ","782":" ","783":" ","784":" ","785":"}","786":"}","787":"<","788":"/","789":"a","790":">","791":"\\","792":"n","793":" ","794":" ","795":" ","796":" ","797":" ","798":" ","799":" ","800":" ","801":"<","802":"n","803":"a","804":"v","805":" ","806":"c","807":"l","808":"a","809":"s","810":"s","811":"=","812":"\\","813":"\"","814":"h","815":"-","816":"f","817":"u","818":"l","819":"l","820":" ","821":"m","822":"l","823":"-","824":"1","825":"2","826":"\\","827":"\"","828":">","829":"\\","830":"n","831":" ","832":" ","833":" ","834":" ","835":" ","836":" ","837":" ","838":" ","839":" ","840":" ","841":"<","842":"u","843":"l","844":" ","845":"c","846":"l","847":"a","848":"s","849":"s","850":"=","851":"\\","852":"\"","853":"f","854":"l","855":"e","856":"x","857":" ","858":"h","859":"-","860":"f","861":"u","862":"l","863":"l","864":" ","865":"p","866":"-","867":"0","868":" ","869":"m","870":"-","871":"0","872":" ","873":"l","874":"i","875":"s","876":"t","877":"-","878":"n","879":"o","880":"n","881":"e","882":"\\","883":"\"","884":">","885":"\\","886":"n","887":" ","888":" ","889":" ","890":" ","891":" ","892":" ","893":" ","894":" ","895":" ","896":" ","897":" ","898":" ","899":"<","900":"l","901":"i","902":"\\","903":"n","904":" ","905":" ","906":" ","907":" ","908":" ","909":" ","910":" ","911":" ","912":" ","913":" ","914":" ","915":" ","916":" ","917":" ","918":"v","919":"-","920":"f","921":"o","922":"r","923":"=","924":"\\","925":"\"","926":"i","927":"t","928":"e","929":"m","930":" ","931":"o","932":"f","933":" ","934":"m","935":"e","936":"n","937":"u","938":"I","939":"t","940":"e","941":"m","942":"s","943":"\\","944":"\"","945":"\\","946":"n","947":" ","948":" ","949":" ","950":" ","951":" ","952":" ","953":" ","954":" ","955":" ","956":" ","957":" ","958":" ","959":" ","960":" ","961":":","962":"k","963":"e","964":"y","965":"=","966":"\\","967":"\"","968":"i","969":"t","970":"e","971":"m","972":"\\","973":"\"","974":"\\","975":"n","976":" ","977":" ","978":" ","979":" ","980":" ","981":" ","982":" ","983":" ","984":" ","985":" ","986":" ","987":" ","988":" ","989":" ","990":"c","991":"l","992":"a","993":"s","994":"s","995":"=","996":"\\","997":"\"","998":"h","999":"-","1000":"f","1001":"u","1002":"l","1003":"l","1004":" ","1005":"m","1006":"l","1007":"-","1008":"9","1009":" ","1010":"f","1011":"i","1012":"r","1013":"s","1014":"t","1015":":","1016":"m","1017":"l","1018":"-","1019":"0","1020":"\\","1021":"\"","1022":"\\","1023":"n","1024":" ","1025":" ","1026":" ","1027":" ","1028":" ","1029":" ","1030":" ","1031":" ","1032":" ","1033":" ","1034":" ","1035":" ","1036":">","1037":"\\","1038":"n","1039":" ","1040":" ","1041":" ","1042":" ","1043":" ","1044":" ","1045":" ","1046":" ","1047":" ","1048":" ","1049":" ","1050":" ","1051":" ","1052":" ","1053":"<","1054":"a","1055":" ","1056":"h","1057":"r","1058":"e","1059":"f","1060":"=","1061":"\\","1062":"\"","1063":"\\","1064":"\"","1065":" ","1066":"c","1067":"l","1068":"a","1069":"s","1070":"s","1071":"=","1072":"\\","1073":"\"","1074":"f","1075":"l","1076":"e","1077":"x","1078":" ","1079":"i","1080":"t","1081":"e","1082":"m","1083":"s","1084":"-","1085":"c","1086":"e","1087":"n","1088":"t","1089":"e","1090":"r","1091":" ","1092":"h","1093":"-","1094":"f","1095":"u","1096":"l","1097":"l","1098":" ","1099":"p","1100":"y","1101":"-","1102":"2","1103":".","1104":"5","1105":"\\","1106":"\"","1107":">","1108":"{","1109":"{","1110":" ","1111":"i","1112":"t","1113":"e","1114":"m","1115":" ","1116":"}","1117":"}","1118":"<","1119":"/","1120":"a","1121":">","1122":"\\","1123":"n","1124":" ","1125":" ","1126":" ","1127":" ","1128":" ","1129":" ","1130":" ","1131":" ","1132":" ","1133":" ","1134":" ","1135":" ","1136":"<","1137":"/","1138":"l","1139":"i","1140":">","1141":"\\","1142":"n","1143":" ","1144":" ","1145":" ","1146":" ","1147":" ","1148":" ","1149":" ","1150":" ","1151":" ","1152":" ","1153":"<","1154":"/","1155":"u","1156":"l","1157":">","1158":"\\","1159":"n","1160":" ","1161":" ","1162":" ","1163":" ","1164":" ","1165":" ","1166":" ","1167":" ","1168":"<","1169":"/","1170":"n","1171":"a","1172":"v","1173":">","1174":"\\","1175":"n","1176":" ","1177":" ","1178":" ","1179":" ","1180":" ","1181":" ","1182":" ","1183":" ","1184":"<","1185":"d","1186":"i","1187":"v","1188":" ","1189":"c","1190":"l","1191":"a","1192":"s","1193":"s","1194":"=","1195":"\\","1196":"\"","1197":"f","1198":"l","1199":"e","1200":"x","1201":" ","1202":"i","1203":"t","1204":"e","1205":"m","1206":"s","1207":"-","1208":"c","1209":"e","1210":"n","1211":"t","1212":"e","1213":"r","1214":" ","1215":"h","1216":"-","1217":"f","1218":"u","1219":"l","1220":"l","1221":" ","1222":"m","1223":"l","1224":"-","1225":"a","1226":"u","1227":"t","1228":"o","1229":"\\","1230":"\"","1231":">","1232":"\\","1233":"n","1234":" ","1235":" ","1236":" ","1237":" ","1238":" ","1239":" ","1240":" ","1241":" ","1242":" ","1243":" ","1244":"<","1245":"p","1246":"r","1247":"o","1248":"f","1249":"i","1250":"l","1251":"e","1252":"_","1253":"i","1254":"m","1255":"a","1256":"g","1257":"e","1258":"_","1259":"c","1260":"o","1261":"m","1262":"p","1263":"o","1264":"n","1265":"e","1266":"n","1267":"t","1268":"\\","1269":"n","1270":" ","1271":" ","1272":" ","1273":" ","1274":" ","1275":" ","1276":" ","1277":" ","1278":" ","1279":" ","1280":" ","1281":" ","1282":"v","1283":"-","1284":"i","1285":"f","1286":"=","1287":"\\","1288":"\"","1289":"i","1290":"s","1291":"L","1292":"o","1293":"g","1294":"g","1295":"e","1296":"d","1297":"I","1298":"n","1299":"\\","1300":"\"","1301":"\\","1302":"n","1303":" ","1304":" ","1305":" ","1306":" ","1307":" ","1308":" ","1309":" ","1310":" ","1311":" ","1312":" ","1313":" ","1314":" ","1315":"d","1316":"a","1317":"t","1318":"a","1319":"-","1320":"t","1321":"e","1322":"s","1323":"t","1324":"=","1325":"\\","1326":"\"","1327":"p","1328":"r","1329":"o","1330":"f","1331":"i","1332":"l","1333":"e","1334":"-","1335":"i","1336":"m","1337":"a","1338":"g","1339":"e","1340":"s","1341":"\\","1342":"\"","1343":"\\","1344":"n","1345":" ","1346":" ","1347":" ","1348":" ","1349":" ","1350":" ","1351":" ","1352":" ","1353":" ","1354":" ","1355":"/","1356":">","1357":"\\","1358":"n","1359":" ","1360":" ","1361":" ","1362":" ","1363":" ","1364":" ","1365":" ","1366":" ","1367":" ","1368":" ","1369":"<","1370":"a","1371":"c","1372":"t","1373":"i","1374":"o","1375":"n","1376":"_","1377":"b","1378":"u","1379":"t","1380":"t","1381":"o","1382":"n","1383":"_","1384":"c","1385":"o","1386":"m","1387":"p","1388":"o","1389":"n","1390":"e","1391":"n","1392":"t","1393":" ","1394":"v","1395":"-","1396":"e","1397":"l","1398":"s","1399":"e","1400":" ","1401":"d","1402":"a","1403":"t","1404":"a","1405":"-","1406":"t","1407":"e","1408":"s","1409":"t","1410":"=","1411":"\\","1412":"\"","1413":"l","1414":"o","1415":"g","1416":"i","1417":"n","1418":"-","1419":"b","1420":"u","1421":"t","1422":"t","1423":"o","1424":"n","1425":"\\","1426":"\"","1427":" ","1428":"/","1429":">","1430":"\\","1431":"n","1432":" ","1433":" ","1434":" ","1435":" ","1436":" ","1437":" ","1438":" ","1439":" ","1440":"<","1441":"/","1442":"d","1443":"i","1444":"v","1445":">","1446":"\\","1447":"n","1448":" ","1449":" ","1450":" ","1451":" ","1452":" ","1453":" ","1454":"<","1455":"/","1456":"d","1457":"i","1458":"v","1459":">","1460":"\\","1461":"n","1462":" ","1463":" ","1464":" ","1465":" ","1466":"<","1467":"/","1468":"d","1469":"i","1470":"v","1471":">","1472":"\\","1473":"n","1474":" ","1475":" ","1476":"<","1477":"/","1478":"h","1479":"e","1480":"a","1481":"d","1482":"e","1483":"r","1484":">","1485":"\\","1486":"n","1487":"<","1488":"/","1489":"t","1490":"e","1491":"m","1492":"p","1493":"l","1494":"a","1495":"t","1496":"e","1497":">","1498":"\\","1499":"n","1500":"\\","1501":"n","1502":"<","1503":"s","1504":"c","1505":"r","1506":"i","1507":"p","1508":"t","1509":" ","1510":"s","1511":"e","1512":"t","1513":"u","1514":"p","1515":">","1516":"\\","1517":"n","1518":"i","1519":"m","1520":"p","1521":"o","1522":"r","1523":"t","1524":" ","1525":"a","1526":"c","1527":"t","1528":"i","1529":"o","1530":"n","1531":"_","1532":"b","1533":"u","1534":"t","1535":"t","1536":"o","1537":"n","1538":"_","1539":"c","1540":"o","1541":"m","1542":"p","1543":"o","1544":"n","1545":"e","1546":"n","1547":"t","1548":" ","1549":"f","1550":"r","1551":"o","1552":"m","1553":" ","1554":"\\","1555":"\"","1556":"@","1557":"/","1558":"c","1559":"o","1560":"m","1561":"p","1562":"o","1563":"n","1564":"e","1565":"n","1566":"t","1567":"s","1568":"/","1569":"a","1570":"c","1571":"t","1572":"i","1573":"o","1574":"n","1575":"_","1576":"b","1577":"u","1578":"t","1579":"t","1580":"o","1581":"n","1582":"_","1583":"c","1584":"o","1585":"m","1586":"p","1587":"o","1588":"n","1589":"e","1590":"n","1591":"t","1592":"\\","1593":"\"","1594":";","1595":"\\","1596":"n","1597":"i","1598":"m","1599":"p","1600":"o","1601":"r","1602":"t","1603":" ","1604":"p","1605":"r","1606":"o","1607":"f","1608":"i","1609":"l","1610":"e","1611":"_","1612":"i","1613":"m","1614":"a","1615":"g","1616":"e","1617":"_","1618":"c","1619":"o","1620":"m","1621":"p","1622":"o","1623":"n","1624":"e","1625":"n","1626":"t","1627":" ","1628":"f","1629":"r","1630":"o","1631":"m","1632":" ","1633":"\\","1634":"\"","1635":"@","1636":"/","1637":"c","1638":"o","1639":"m","1640":"p","1641":"o","1642":"n","1643":"e","1644":"n","1645":"t","1646":"s","1647":"/","1648":"p","1649":"r","1650":"o","1651":"f","1652":"i","1653":"l","1654":"e","1655":"_","1656":"i","1657":"m","1658":"a","1659":"g","1660":"e","1661":"_","1662":"c","1663":"o","1664":"m","1665":"p","1666":"o","1667":"n","1668":"e","1669":"n","1670":"t","1671":"\\","1672":"\"","1673":";","1674":"\\","1675":"n","1676":"c","1677":"o","1678":"n","1679":"s","1680":"t","1681":" ","1682":"c","1683":"o","1684":"m","1685":"p","1686":"a","1687":"n","1688":"y","1689":" ","1690":"=","1691":" ","1692":"\\","1693":"\"","1694":"I","1695":"s","1696":"l","1697":"a","1698":"n","1699":"d","1700":" ","1701":"J","1702":"o","1703":"b","1704":"s","1705":"\\","1706":"\"","1707":";","1708":"\\","1709":"n","1710":"c","1711":"o","1712":"n","1713":"s","1714":"t","1715":" ","1716":"u","1717":"r","1718":"l","1719":" ","1720":"=","1721":" ","1722":"\\","1723":"\"","1724":"h","1725":"t","1726":"t","1727":"p","1728":"s","1729":":","1730":"/","1731":"/","1732":"c","1733":"a","1734":"r","1735":"e","1736":"e","1737":"r","1738":"s","1739":".","1740":"g","1741":"o","1742":"o","1743":"g","1744":"l","1745":"e","1746":".","1747":"c","1748":"o","1749":"m","1750":"\\","1751":"\"","1752":";","1753":"\\","1754":"n","1755":"c","1756":"o","1757":"n","1758":"s","1759":"t","1760":" ","1761":"m","1762":"e","1763":"n","1764":"u","1765":"I","1766":"t","1767":"e","1768":"m","1769":"s","1770":" ","1771":"=","1772":" ","1773":"[","1774":"\\","1775":"n","1776":" ","1777":" ","1778":"\\","1779":"\"","1780":"T","1781":"e","1782":"a","1783":"m","1784":"s","1785":"\\","1786":"\"","1787":",","1788":"\\","1789":"n","1790":" ","1791":" ","1792":"\\","1793":"\"","1794":"L","1795":"o","1796":"c","1797":"a","1798":"t","1799":"i","1800":"o","1801":"n","1802":"s","1803":"\\","1804":"\"","1805":",","1806":"\\","1807":"n","1808":" ","1809":" ","1810":"\\","1811":"\"","1812":"L","1813":"i","1814":"f","1815":"e","1816":" ","1817":"a","1818":"t","1819":" ","1820":"I","1821":"s","1822":"l","1823":"a","1824":"n","1825":"d","1826":" ","1827":"J","1828":"o","1829":"b","1830":"s","1831":"\\","1832":"\"","1833":",","1834":"\\","1835":"n","1836":" ","1837":" ","1838":"\\","1839":"\"","1840":"h","1841":"o","1842":"w","1843":" ","1844":"w","1845":"e","1846":" ","1847":"h","1848":"i","1849":"r","1850":"e","1851":"\\","1852":"\"","1853":",","1854":"\\","1855":"n","1856":" ","1857":" ","1858":"\\","1859":"\"","1860":"S","1861":"t","1862":"u","1863":"d","1864":"e","1865":"n","1866":"t","1867":"\\","1868":"\"","1869":",","1870":"\\","1871":"n","1872":" ","1873":" ","1874":"\\","1875":"\"","1876":"J","1877":"o","1878":"b","1879":"s","1880":"\\","1881":"\"","1882":",","1883":"\\","1884":"n","1885":"]","1886":";","1887":"\\","1888":"n","1889":"c","1890":"o","1891":"n","1892":"s","1893":"t","1894":" ","1895":"i","1896":"s","1897":"L","1898":"o","1899":"g","1900":"g","1901":"e","1902":"d","1903":"I","1904":"n","1905":" ","1906":"=","1907":" ","1908":"f","1909":"a","1910":"l","1911":"s","1912":"e","1913":";","1914":"\\","1915":"n","1916":"<","1917":"/","1918":"s","1919":"c","1920":"r","1921":"i","1922":"p","1923":"t","1924":">","1925":"\\","1926":"n","1927":"\\","1928":"n","1929":"<","1930":"s","1931":"t","1932":"y","1933":"l","1934":"e","1935":" ","1936":"l","1937":"a","1938":"n","1939":"g","1940":"=","1941":"\\","1942":"\"","1943":"s","1944":"c","1945":"s","1946":"s","1947":"\\","1948":"\"","1949":" ","1950":"s","1951":"c","1952":"o","1953":"p","1954":"e","1955":"d","1956":">","1957":"<","1958":"/","1959":"s","1960":"t","1961":"y","1962":"l","1963":"e","1964":">","1965":"\\","1966":"n","1967":"\"","1968":"]","1969":"}"},"_coverageSchema":"1a1c01bbd47fc00a2c39e90264f33305004495a9","hash":"2fdae908efd1296ae1441ff51f44a627af9eb77c"}
,"/var/www/html/CursosDev/job-search-vue/src/components/profile_image_component.vue": {"path":"/var/www/html/CursosDev/job-search-vue/src/components/profile_image_component.vue","statementMap":{"0":{"start":{"line":4,"column":0},"end":{"line":6,"column":3}},"1":{"start":{"line":7,"column":0},"end":{"line":7,"column":25}},"2":{"start":{"line":8,"column":15},"end":{"line":24,"column":1}},"3":{"start":{"line":13,"column":4},"end":{"line":13,"column":13}},"4":{"start":{"line":14,"column":22},"end":{"line":14,"column":116}},"5":{"start":{"line":15,"column":25},"end":{"line":17,"column":5}},"6":{"start":{"line":18,"column":4},"end":{"line":21,"column":7}},"7":{"start":{"line":22,"column":4},"end":{"line":22,"column":24}},"8":{"start":{"line":29,"column":0},"end":{"line":31,"column":3}},"9":{"start":{"line":32,"column":0},"end":{"line":32,"column":24}},"10":{"start":{"line":33,"column":11},"end":{"line":33,"column":25}},"11":{"start":{"line":35,"column":2},"end":{"line":40,"column":5}},"12":{"start":{"line":41,"column":2},"end":{"line":41,"column":49}}},"fnMap":{"0":{"name":"(anonymous_0)","decl":{"start":{"line":10,"column":2},"end":{"line":10,"column":3}},"loc":{"start":{"line":12,"column":5},"end":{"line":23,"column":3}},"line":12},"1":{"name":"render","decl":{"start":{"line":34,"column":9},"end":{"line":34,"column":15}},"loc":{"start":{"line":34,"column":63},"end":{"line":41,"column":1}},"line":34}},"branchMap":{},"s":{"0":1,"1":1,"2":1,"3":0,"4":0,"5":0,"6":0,"7":0,"8":1,"9":1,"10":1,"11":0,"12":1},"f":{"0":0,"1":0},"b":{},"inputSourceMap":{"0":"{","1":"\"","2":"v","3":"e","4":"r","5":"s","6":"i","7":"o","8":"n","9":"\"","10":":","11":"3","12":",","13":"\"","14":"s","15":"o","16":"u","17":"r","18":"c","19":"e","20":"s","21":"\"","22":":","23":"[","24":"\"","25":"/","26":"v","27":"a","28":"r","29":"/","30":"w","31":"w","32":"w","33":"/","34":"h","35":"t","36":"m","37":"l","38":"/","39":"C","40":"u","41":"r","42":"s","43":"o","44":"s","45":"D","46":"e","47":"v","48":"/","49":"j","50":"o","51":"b","52":"-","53":"s","54":"e","55":"a","56":"r","57":"c","58":"h","59":"-","60":"v","61":"u","62":"e","63":"/","64":"s","65":"r","66":"c","67":"/","68":"c","69":"o","70":"m","71":"p","72":"o","73":"n","74":"e","75":"n","76":"t","77":"s","78":"/","79":"p","80":"r","81":"o","82":"f","83":"i","84":"l","85":"e","86":"_","87":"i","88":"m","89":"a","90":"g","91":"e","92":"_","93":"c","94":"o","95":"m","96":"p","97":"o","98":"n","99":"e","100":"n","101":"t","102":".","103":"v","104":"u","105":"e","106":"\"","107":"]","108":",","109":"\"","110":"n","111":"a","112":"m","113":"e","114":"s","115":"\"","116":":","117":"[","118":"]","119":",","120":"\"","121":"m","122":"a","123":"p","124":"p","125":"i","126":"n","127":"g","128":"s","129":"\"","130":":","131":"\"","132":";","133":";","134":";","135":";","136":";","137":";","138":";","139":";","140":";","141":";","142":";","143":";","144":";","145":"I","146":"A","147":"U","148":"A","149":",","150":"M","151":"A","152":"A","153":"M","154":",","155":"S","156":"A","157":"A","158":"S","159":",","160":"G","161":"A","162":"C","163":"b","164":",","165":"8","166":"F","167":"A","168":"A","169":"8","170":"F","171":"\"","172":",","173":"\"","174":"f","175":"i","176":"l","177":"e","178":"\"","179":":","180":"\"","181":"/","182":"v","183":"a","184":"r","185":"/","186":"w","187":"w","188":"w","189":"/","190":"h","191":"t","192":"m","193":"l","194":"/","195":"C","196":"u","197":"r","198":"s","199":"o","200":"s","201":"D","202":"e","203":"v","204":"/","205":"j","206":"o","207":"b","208":"-","209":"s","210":"e","211":"a","212":"r","213":"c","214":"h","215":"-","216":"v","217":"u","218":"e","219":"/","220":"s","221":"r","222":"c","223":"/","224":"c","225":"o","226":"m","227":"p","228":"o","229":"n","230":"e","231":"n","232":"t","233":"s","234":"/","235":"p","236":"r","237":"o","238":"f","239":"i","240":"l","241":"e","242":"_","243":"i","244":"m","245":"a","246":"g","247":"e","248":"_","249":"c","250":"o","251":"m","252":"p","253":"o","254":"n","255":"e","256":"n","257":"t","258":".","259":"v","260":"u","261":"e","262":"\"","263":",","264":"\"","265":"s","266":"o","267":"u","268":"r","269":"c","270":"e","271":"s","272":"C","273":"o","274":"n","275":"t","276":"e","277":"n","278":"t","279":"\"","280":":","281":"[","282":"\"","283":"<","284":"t","285":"e","286":"m","287":"p","288":"l","289":"a","290":"t","291":"e","292":">","293":"\\","294":"n","295":" ","296":" ","297":"<","298":"i","299":"m","300":"g","301":"\\","302":"n","303":" ","304":" ","305":" ","306":" ","307":":","308":"s","309":"r","310":"c","311":"=","312":"\\","313":"\"","314":"i","315":"m","316":"a","317":"g","318":"e","319":"L","320":"i","321":"n","322":"k","323":"\\","324":"\"","325":"\\","326":"n","327":" ","328":" ","329":" ","330":" ","331":"a","332":"l","333":"t","334":"=","335":"\\","336":"\"","337":"\\","338":"\"","339":"\\","340":"n","341":" ","342":" ","343":" ","344":" ","345":"s","346":"r","347":"c","348":"s","349":"e","350":"t","351":"=","352":"\\","353":"\"","354":"\\","355":"\"","356":"\\","357":"n","358":" ","359":" ","360":" ","361":" ","362":"c","363":"l","364":"a","365":"s","366":"s","367":"=","368":"\\","369":"\"","370":"w","371":"-","372":"8","373":" ","374":"h","375":"-","376":"8","377":" ","378":"o","379":"b","380":"j","381":"e","382":"c","383":"t","384":"-","385":"c","386":"o","387":"n","388":"t","389":"a","390":"i","391":"n","392":" ","393":"r","394":"o","395":"u","396":"n","397":"d","398":"e","399":"d","400":"-","401":"3","402":"x","403":"l","404":"\\","405":"\"","406":"\\","407":"n","408":" ","409":" ","410":"/","411":">","412":"\\","413":"n","414":"<","415":"/","416":"t","417":"e","418":"m","419":"p","420":"l","421":"a","422":"t","423":"e","424":">","425":"\\","426":"n","427":"\\","428":"n","429":"<","430":"s","431":"c","432":"r","433":"i","434":"p","435":"t","436":" ","437":"s","438":"e","439":"t","440":"u","441":"p","442":">","443":"\\","444":"n","445":"c","446":"o","447":"n","448":"s","449":"t","450":" ","451":"i","452":"m","453":"a","454":"g","455":"e","456":"L","457":"i","458":"n","459":"k","460":" ","461":"=","462":"\\","463":"n","464":" ","465":" ","466":"\\","467":"\"","468":"h","469":"t","470":"t","471":"p","472":"s","473":":","474":"/","475":"/","476":"w","477":"w","478":"w","479":".","480":"p","481":"n","482":"g","483":"i","484":"t","485":"e","486":"m","487":".","488":"c","489":"o","490":"m","491":"/","492":"p","493":"i","494":"m","495":"g","496":"s","497":"/","498":"m","499":"/","500":"4","501":"8","502":"7","503":"-","504":"4","505":"8","506":"7","507":"6","508":"4","509":"1","510":"7","511":"_","512":"l","513":"i","514":"n","515":"k","516":"-","517":"h","518":"e","519":"a","520":"d","521":"-","522":"p","523":"n","524":"g","525":"-","526":"t","527":"o","528":"o","529":"n","530":"-","531":"l","532":"i","533":"n","534":"k","535":"-","536":"f","537":"a","538":"c","539":"e","540":"-","541":"p","542":"n","543":"g","544":"-","545":"t","546":"r","547":"a","548":"n","549":"s","550":"p","551":"a","552":"r","553":"e","554":"n","555":"t","556":".","557":"p","558":"n","559":"g","560":"\\","561":"\"","562":";","563":"\\","564":"n","565":"<","566":"/","567":"s","568":"c","569":"r","570":"i","571":"p","572":"t","573":">","574":"\\","575":"n","576":"\\","577":"n","578":"<","579":"s","580":"t","581":"y","582":"l","583":"e","584":" ","585":"l","586":"a","587":"n","588":"g","589":"=","590":"\\","591":"\"","592":"s","593":"c","594":"s","595":"s","596":"\\","597":"\"","598":" ","599":"s","600":"c","601":"o","602":"p","603":"e","604":"d","605":">","606":"<","607":"/","608":"s","609":"t","610":"y","611":"l","612":"e","613":">","614":"\\","615":"n","616":"\"","617":"]","618":"}"},"_coverageSchema":"1a1c01bbd47fc00a2c39e90264f33305004495a9","hash":"48b474d72eedfaf0834a49c39c674d47e3fc3ffd"}
}
