{"/var/www/html/CursosDev/job-search-vue/src/components/action_button_component.vue": {"path":"/var/www/html/CursosDev/job-search-vue/src/components/action_button_component.vue","statementMap":{"0":{"start":{"line":4,"column":0},"end":{"line":6,"column":3}},"1":{"start":{"line":7,"column":0},"end":{"line":7,"column":25}},"2":{"start":{"line":69,"column":0},"end":{"line":71,"column":3}},"3":{"start":{"line":72,"column":0},"end":{"line":72,"column":24}},"4":{"start":{"line":73,"column":11},"end":{"line":73,"column":25}},"5":{"start":{"line":75,"column":2},"end":{"line":77,"column":72}},"6":{"start":{"line":78,"column":2},"end":{"line":78,"column":49}}},"fnMap":{"0":{"name":"render","decl":{"start":{"line":74,"column":9},"end":{"line":74,"column":15}},"loc":{"start":{"line":74,"column":63},"end":{"line":78,"column":1}},"line":74}},"branchMap":{},"s":{"0":1,"1":1,"2":1,"3":1,"4":1,"5":2,"6":1},"f":{"0":2},"b":{},"inputSourceMap":{"0":"{","1":"\"","2":"v","3":"e","4":"r","5":"s","6":"i","7":"o","8":"n","9":"\"","10":":","11":"3","12":",","13":"\"","14":"s","15":"o","16":"u","17":"r","18":"c","19":"e","20":"s","21":"\"","22":":","23":"[","24":"\"","25":"/","26":"v","27":"a","28":"r","29":"/","30":"w","31":"w","32":"w","33":"/","34":"h","35":"t","36":"m","37":"l","38":"/","39":"C","40":"u","41":"r","42":"s","43":"o","44":"s","45":"D","46":"e","47":"v","48":"/","49":"j","50":"o","51":"b","52":"-","53":"s","54":"e","55":"a","56":"r","57":"c","58":"h","59":"-","60":"v","61":"u","62":"e","63":"/","64":"s","65":"r","66":"c","67":"/","68":"c","69":"o","70":"m","71":"p","72":"o","73":"n","74":"e","75":"n","76":"t","77":"s","78":"/","79":"a","80":"c","81":"t","82":"i","83":"o","84":"n","85":"_","86":"b","87":"u","88":"t","89":"t","90":"o","91":"n","92":"_","93":"c","94":"o","95":"m","96":"p","97":"o","98":"n","99":"e","100":"n","101":"t","102":".","103":"v","104":"u","105":"e","106":"\"","107":"]","108":",","109":"\"","110":"n","111":"a","112":"m","113":"e","114":"s","115":"\"","116":":","117":"[","118":"]","119":",","120":"\"","121":"m","122":"a","123":"p","124":"p","125":"i","126":"n","127":"g","128":"s","129":"\"","130":":","131":"\"","132":";","133":";","134":";","135":";","136":";","137":";","138":";","139":"A","140":"A","141":"O","142":"A","143":";","144":"A","145":"A","146":"A","147":"A","148":";","149":"A","150":"A","151":"A","152":"A","153":";","154":"A","155":"A","156":"A","157":"+","158":"B","159":";","160":"A","161":"A","162":"C","163":"/","164":"B","165":";","166":"A","167":"A","168":"A","169":"A","170":";","171":";","172":";","173":";","174":";","175":";","176":";","177":";","178":";","179":";","180":";","181":";","182":";","183":";","184":";","185":";","186":";","187":";","188":";","189":";","190":";","191":";","192":";","193":"I","194":"A","195":"c","196":"A","197":";","198":"I","199":"A","200":"C","201":"A","202":",","203":"M","204":"A","205":"A","206":"M","207":",","208":"W","209":"A","210":"A","211":"W","212":";","213":"I","214":"A","215":"A","216":"G","217":";","218":"I","219":"A","220":"A","221":"A","222":";","223":"I","224":"A","225":"A","226":"A","227":";","228":"I","229":"A","230":"A","231":"A","232":";","233":"I","234":"A","235":"A","236":"A","237":";","238":"I","239":"A","240":"A","241":"A","242":",","243":"Q","244":"A","245":"A","246":"Q","247":",","248":"E","249":"A","250":"A","251":"C","252":",","253":"M","254":"A","255":"A","256":"M","257":";","258":"M","259":"A","260":"C","261":"j","262":"C","263":",","264":"O","265":"A","266":"A","267":"O","268":";","269":"Q","270":"A","271":"C","272":"L","273":";","274":"Q","275":"A","276":"C","277":"A","278":",","279":"C","280":"A","281":"A","282":"C","283":",","284":"K","285":"A","286":"A","287":"K","288":",","289":"C","290":"A","291":"A","292":"C","293":",","294":"I","295":"A","296":"A","297":"I","298":",","299":"G","300":"A","301":"A","302":"G","303":";","304":"M","305":"A","306":"C","307":"h","308":"B","309":",","310":"C","311":"A","312":"A","313":"C","314":";","315":"I","316":"A","317":"C","318":"H","319":",","320":"C","321":"A","322":"A","323":"C","324":",","325":"C","326":"A","327":"A","328":"C","329":"\"","330":",","331":"\"","332":"f","333":"i","334":"l","335":"e","336":"\"","337":":","338":"\"","339":"/","340":"v","341":"a","342":"r","343":"/","344":"w","345":"w","346":"w","347":"/","348":"h","349":"t","350":"m","351":"l","352":"/","353":"C","354":"u","355":"r","356":"s","357":"o","358":"s","359":"D","360":"e","361":"v","362":"/","363":"j","364":"o","365":"b","366":"-","367":"s","368":"e","369":"a","370":"r","371":"c","372":"h","373":"-","374":"v","375":"u","376":"e","377":"/","378":"s","379":"r","380":"c","381":"/","382":"c","383":"o","384":"m","385":"p","386":"o","387":"n","388":"e","389":"n","390":"t","391":"s","392":"/","393":"a","394":"c","395":"t","396":"i","397":"o","398":"n","399":"_","400":"b","401":"u","402":"t","403":"t","404":"o","405":"n","406":"_","407":"c","408":"o","409":"m","410":"p","411":"o","412":"n","413":"e","414":"n","415":"t","416":".","417":"v","418":"u","419":"e","420":"\"","421":",","422":"\"","423":"s","424":"o","425":"u","426":"r","427":"c","428":"e","429":"s","430":"C","431":"o","432":"n","433":"t","434":"e","435":"n","436":"t","437":"\"","438":":","439":"[","440":"\"","441":"<","442":"t","443":"e","444":"m","445":"p","446":"l","447":"a","448":"t","449":"e","450":">","451":"\\","452":"n","453":" ","454":" ","455":"<","456":"b","457":"u","458":"t","459":"t","460":"o","461":"n","462":" ","463":":","464":"c","465":"l","466":"a","467":"s","468":"s","469":"=","470":"\\","471":"\"","472":"b","473":"u","474":"t","475":"t","476":"o","477":"n","478":"C","479":"l","480":"a","481":"s","482":"s","483":"\\","484":"\"","485":">","486":"\\","487":"n","488":" ","489":" ","490":" ","491":" ","492":"{","493":"{","494":" ","495":"p","496":"r","497":"o","498":"p","499":"s","500":".","501":"t","502":"e","503":"x","504":"t","505":" ","506":"}","507":"}","508":"\\","509":"n","510":" ","511":" ","512":"<","513":"/","514":"b","515":"u","516":"t","517":"t","518":"o","519":"n","520":">","521":"\\","522":"n","523":"<","524":"/","525":"t","526":"e","527":"m","528":"p","529":"l","530":"a","531":"t","532":"e","533":">","534":"\\","535":"n","536":"\\","537":"n","538":"<","539":"s","540":"c","541":"r","542":"i","543":"p","544":"t","545":" ","546":"s","547":"e","548":"t","549":"u","550":"p","551":">","552":"\\","553":"n","554":"i","555":"m","556":"p","557":"o","558":"r","559":"t","560":" ","561":"{","562":" ","563":"d","564":"e","565":"f","566":"i","567":"n","568":"e","569":"P","570":"r","571":"o","572":"p","573":"s","574":",","575":" ","576":"c","577":"o","578":"m","579":"p","580":"u","581":"t","582":"e","583":"d","584":" ","585":"}","586":" ","587":"f","588":"r","589":"o","590":"m","591":" ","592":"\\","593":"\"","594":"v","595":"u","596":"e","597":"\\","598":"\"","599":";","600":"\\","601":"n","602":"/","603":"/","604":" ","605":"D","606":"e","607":"f","608":"i","609":"n","610":"i","611":"m","612":"o","613":"s","614":" ","615":"l","616":"o","617":"s","618":" ","619":"p","620":"r","621":"o","622":"p","623":"s","624":" ","625":"q","626":"u","627":"e","628":" ","629":"e","630":"s","631":"t","632":"a","633":" ","634":"p","635":"a","636":"s","637":"a","638":"n","639":"d","640":"o","641":" ","642":"e","643":"l","644":" ","645":"c","646":"o","647":"m","648":"p","649":"o","650":"n","651":"e","652":"n","653":"t","654":"e","655":" ","656":"p","657":"a","658":"d","659":"r","660":"e","661":"\\","662":"n","663":"c","664":"o","665":"n","666":"s","667":"t","668":" ","669":"p","670":"r","671":"o","672":"p","673":"s","674":" ","675":"=","676":" ","677":"d","678":"e","679":"f","680":"i","681":"n","682":"e","683":"P","684":"r","685":"o","686":"p","687":"s","688":"(","689":"{","690":"\\","691":"n","692":" ","693":" ","694":"t","695":"e","696":"x","697":"t","698":":","699":" ","700":"{","701":" ","702":"t","703":"y","704":"p","705":"e","706":":","707":" ","708":"S","709":"t","710":"r","711":"i","712":"n","713":"g","714":",","715":" ","716":"r","717":"e","718":"q","719":"u","720":"i","721":"r","722":"e","723":"d","724":":","725":" ","726":"t","727":"r","728":"u","729":"e","730":" ","731":"}","732":",","733":"\\","734":"n","735":" ","736":" ","737":"t","738":"y","739":"p","740":"e","741":":","742":" ","743":"{","744":"\\","745":"n","746":" ","747":" ","748":" ","749":" ","750":"t","751":"y","752":"p","753":"e","754":":","755":" ","756":"S","757":"t","758":"r","759":"i","760":"n","761":"g","762":",","763":"\\","764":"n","765":" ","766":" ","767":" ","768":" ","769":"r","770":"e","771":"q","772":"u","773":"i","774":"r","775":"e","776":"d","777":":","778":" ","779":"t","780":"r","781":"u","782":"e","783":",","784":"\\","785":"n","786":" ","787":" ","788":" ","789":" ","790":"d","791":"e","792":"f","793":"a","794":"u","795":"l","796":"t","797":":","798":" ","799":"\\","800":"\"","801":"p","802":"r","803":"i","804":"m","805":"a","806":"r","807":"y","808":"\\","809":"\"","810":",","811":"\\","812":"n","813":" ","814":" ","815":" ","816":" ","817":"/","818":"/","819":" ","820":"u","821":"n","822":"a","823":" ","824":"m","825":"a","826":"n","827":"e","828":"r","829":"a","830":" ","831":"d","832":"e","833":" ","834":"v","835":"a","836":"l","837":"i","838":"d","839":"a","840":"r","841":" ","842":"l","843":"o","844":"s","845":" ","846":"v","847":"a","848":"l","849":"o","850":"r","851":"e","852":"s","853":" ","854":"e","855":"s","856":"p","857":"e","858":"r","859":"a","860":"d","861":"o","862":"s","863":" ","864":"e","865":"n","866":" ","867":"p","868":"r","869":"o","870":"p","871":"s","872":"\\","873":"n","874":" ","875":" ","876":" ","877":" ","878":"v","879":"a","880":"l","881":"i","882":"d","883":"a","884":"t","885":"o","886":"r","887":"(","888":"v","889":"a","890":"l","891":"u","892":"e","893":")","894":" ","895":"{","896":"\\","897":"n","898":" ","899":" ","900":" ","901":" ","902":" ","903":" ","904":"r","905":"e","906":"t","907":"u","908":"r","909":"n","910":" ","911":"[","912":"\\","913":"\"","914":"p","915":"r","916":"i","917":"m","918":"a","919":"r","920":"y","921":"\\","922":"\"","923":",","924":" ","925":"\\","926":"\"","927":"s","928":"e","929":"c","930":"o","931":"n","932":"d","933":"a","934":"r","935":"y","936":"\\","937":"\"","938":"]","939":".","940":"i","941":"n","942":"c","943":"l","944":"u","945":"d","946":"e","947":"s","948":"(","949":"v","950":"a","951":"l","952":"u","953":"e","954":")","955":";","956":"\\","957":"n","958":" ","959":" ","960":" ","961":" ","962":"}","963":",","964":"\\","965":"n","966":" ","967":" ","968":"}","969":",","970":"\\","971":"n","972":"}","973":")","974":";","975":"\\","976":"n","977":"\\","978":"n","979":"/","980":"/","981":" ","982":"L","983":"a","984":" ","985":"c","986":"o","987":"m","988":"p","989":"u","990":"t","991":"a","992":"d","993":"a","994":" ","995":"v","996":"e","997":"r","998":"i","999":"f","1000":"i","1001":"c","1002":"a","1003":"r","1004":"a","1005":" ","1006":"e","1007":"l","1008":" ","1009":"c","1010":"a","1011":"m","1012":"b","1013":"i","1014":"o","1015":" ","1016":"e","1017":"n","1018":" ","1019":"t","1020":"i","1021":"e","1022":"m","1023":"p","1024":"o","1025":" ","1026":"r","1027":"e","1028":"a","1029":"l","1030":" ","1031":"d","1032":"e","1033":" ","1034":"l","1035":"a","1036":" ","1037":"p","1038":"r","1039":"o","1040":"p","1041":"i","1042":"e","1043":"d","1044":"a","1045":"d","1046":" ","1047":"p","1048":"r","1049":"i","1050":"m","1051":"a","1052":"r","1053":"y","1054":" ","1055":"y","1056":" ","1057":"l","1058":"o","1059":" ","1060":"m","1061":"o","1062":"s","1063":"t","1064":"r","1065":"a","1066":"r","1067":"a","1068":"\\","1069":"n","1070":"c","1071":"o","1072":"n","1073":"s","1074":"t","1075":" ","1076":"b","1077":"u","1078":"t","1079":"t","1080":"o","1081":"n","1082":"C","1083":"l","1084":"a","1085":"s","1086":"s","1087":" ","1088":"=","1089":" ","1090":"c","1091":"o","1092":"m","1093":"p","1094":"u","1095":"t","1096":"e","1097":"d","1098":"(","1099":"(","1100":")","1101":" ","1102":"=","1103":">","1104":" ","1105":"{","1106":"\\","1107":"n","1108":" ","1109":" ","1110":"r","1111":"e","1112":"t","1113":"u","1114":"r","1115":"n","1116":" ","1117":"{","1118":"\\","1119":"n","1120":" ","1121":" ","1122":" ","1123":" ","1124":"/","1125":"/","1126":"D","1127":"e","1128":"p","1129":"e","1130":"n","1131":"d","1132":"i","1133":"e","1134":"n","1135":"d","1136":"o","1137":" ","1138":"d","1139":"e","1140":"l","1141":" ","1142":"v","1143":"a","1144":"l","1145":"o","1146":"r","1147":" ","1148":"q","1149":"u","1150":"e","1151":" ","1152":"c","1153":"o","1154":"l","1155":"o","1156":"q","1157":"u","1158":"e","1159":"m","1160":"o","1161":"s","1162":" ","1163":"a","1164":"l","1165":" ","1166":"p","1167":"r","1168":"o","1169":"p","1170":" ","1171":"t","1172":"y","1173":"p","1174":"e","1175":" ","1176":",","1177":" ","1178":"e","1179":"s","1180":" ","1181":"l","1182":"o","1183":" ","1184":"q","1185":"u","1186":"e","1187":" ","1188":"e","1189":"l","1190":" ","1191":"l","1192":"e","1193":"e","1194":"r","1195":"a","1196":" ","1197":"c","1198":"o","1199":"m","1200":"o","1201":" ","1202":"t","1203":"r","1204":"u","1205":"e","1206":" ","1207":"y","1208":" ","1209":"a","1210":"p","1211":"l","1212":"i","1213":"c","1214":"a","1215":"r","1216":"a","1217":" ","1218":"l","1219":"a","1220":" ","1221":"c","1222":"l","1223":"a","1224":"s","1225":"e","1226":" ","1227":"c","1228":"o","1229":"r","1230":"r","1231":"e","1232":"s","1233":"p","1234":"o","1235":"n","1236":"d","1237":"i","1238":"e","1239":"n","1240":"t","1241":"e","1242":"\\","1243":"n","1244":" ","1245":" ","1246":" ","1247":" ","1248":"[","1249":"p","1250":"r","1251":"o","1252":"p","1253":"s","1254":".","1255":"t","1256":"y","1257":"p","1258":"e","1259":"]","1260":":","1261":" ","1262":"t","1263":"r","1264":"u","1265":"e","1266":",","1267":"\\","1268":"n","1269":" ","1270":" ","1271":"}","1272":";","1273":"\\","1274":"n","1275":"}","1276":")","1277":";","1278":"\\","1279":"n","1280":"<","1281":"/","1282":"s","1283":"c","1284":"r","1285":"i","1286":"p","1287":"t","1288":">","1289":"\\","1290":"n","1291":"<","1292":"s","1293":"t","1294":"y","1295":"l","1296":"e","1297":" ","1298":"s","1299":"c","1300":"o","1301":"p","1302":"e","1303":"d","1304":">","1305":"\\","1306":"n","1307":"b","1308":"u","1309":"t","1310":"t","1311":"o","1312":"n","1313":" ","1314":"{","1315":"\\","1316":"n","1317":" ","1318":" ","1319":"/","1320":"*","1321":" ","1322":"A","1323":"p","1324":"p","1325":"l","1326":"y","1327":" ","1328":"n","1329":"o","1330":"s","1331":" ","1332":"p","1333":"e","1334":"r","1335":"m","1336":"i","1337":"t","1338":"e","1339":" ","1340":"u","1341":"s","1342":"a","1343":"r","1344":" ","1345":"t","1346":"a","1347":"i","1348":"l","1349":"w","1350":"i","1351":"n","1352":"d","1353":" ","1354":"e","1355":"n","1356":" ","1357":"e","1358":"s","1359":"t","1360":"a","1361":" ","1362":"s","1363":"e","1364":"c","1365":"c","1366":"i","1367":"o","1368":"n","1369":" ","1370":"d","1371":"e","1372":" ","1373":"C","1374":"s","1375":"s","1376":" ","1377":"p","1378":"u","1379":"r","1380":"o","1381":" ","1382":"*","1383":"/","1384":"\\","1385":"n","1386":" ","1387":" ","1388":"@","1389":"a","1390":"p","1391":"p","1392":"l","1393":"y","1394":" ","1395":"p","1396":"x","1397":"-","1398":"5","1399":" ","1400":"p","1401":"y","1402":"-","1403":"3","1404":" ","1405":"r","1406":"o","1407":"u","1408":"n","1409":"d","1410":"e","1411":"d","1412":" ","1413":"f","1414":"o","1415":"n","1416":"t","1417":"-","1418":"m","1419":"e","1420":"d","1421":"i","1422":"u","1423":"m","1424":";","1425":"\\","1426":"n","1427":"}","1428":"\\","1429":"n","1430":".","1431":"p","1432":"r","1433":"i","1434":"m","1435":"a","1436":"r","1437":"y","1438":" ","1439":"{","1440":"\\","1441":"n","1442":" ","1443":" ","1444":"@","1445":"a","1446":"p","1447":"p","1448":"l","1449":"y","1450":" ","1451":"t","1452":"e","1453":"x","1454":"t","1455":"-","1456":"w","1457":"h","1458":"i","1459":"t","1460":"e","1461":" ","1462":"b","1463":"g","1464":"-","1465":"b","1466":"r","1467":"a","1468":"n","1469":"d","1470":"-","1471":"b","1472":"l","1473":"u","1474":"e","1475":"-","1476":"1","1477":" ","1478":"h","1479":"o","1480":"v","1481":"e","1482":"r","1483":":","1484":"s","1485":"h","1486":"a","1487":"d","1488":"o","1489":"w","1490":"-","1491":"b","1492":"l","1493":"u","1494":"e","1495":"-","1496":"2","1497":"0","1498":"0","1499":";","1500":"\\","1501":"n","1502":"}","1503":"\\","1504":"n","1505":".","1506":"s","1507":"e","1508":"c","1509":"o","1510":"n","1511":"d","1512":"a","1513":"r","1514":"y","1515":" ","1516":"{","1517":"\\","1518":"n","1519":" ","1520":" ","1521":"@","1522":"a","1523":"p","1524":"p","1525":"l","1526":"y","1527":" ","1528":"t","1529":"e","1530":"x","1531":"t","1532":"-","1533":"b","1534":"r","1535":"a","1536":"n","1537":"d","1538":"-","1539":"b","1540":"l","1541":"u","1542":"e","1543":"-","1544":"1","1545":" ","1546":"b","1547":"g","1548":"-","1549":"t","1550":"r","1551":"a","1552":"n","1553":"s","1554":"p","1555":"a","1556":"r","1557":"e","1558":"n","1559":"t","1560":" ","1561":"h","1562":"o","1563":"v","1564":"e","1565":"r","1566":":","1567":"b","1568":"g","1569":"-","1570":"b","1571":"r","1572":"a","1573":"n","1574":"d","1575":"-","1576":"b","1577":"l","1578":"u","1579":"e","1580":"-","1581":"2","1582":" ","1583":" ","1584":"h","1585":"o","1586":"v","1587":"e","1588":"r","1589":":","1590":"t","1591":"e","1592":"x","1593":"t","1594":"-","1595":"w","1596":"h","1597":"i","1598":"t","1599":"e","1600":";","1601":"\\","1602":"n","1603":"}","1604":"\\","1605":"n","1606":"<","1607":"/","1608":"s","1609":"t","1610":"y","1611":"l","1612":"e","1613":">","1614":"\\","1615":"n","1616":"\"","1617":"]","1618":"}"},"_coverageSchema":"1a1c01bbd47fc00a2c39e90264f33305004495a9","hash":"42e3b01645927cd11afe64a3c1186ef12b1b8050"}
,"/var/www/html/CursosDev/job-search-vue/src/components/profile_image_component.vue": {"path":"/var/www/html/CursosDev/job-search-vue/src/components/profile_image_component.vue","statementMap":{"0":{"start":{"line":4,"column":0},"end":{"line":6,"column":3}},"1":{"start":{"line":7,"column":0},"end":{"line":7,"column":25}},"2":{"start":{"line":8,"column":15},"end":{"line":29,"column":1}},"3":{"start":{"line":13,"column":4},"end":{"line":13,"column":13}},"4":{"start":{"line":14,"column":20},"end":{"line":14,"column":114}},"5":{"start":{"line":15,"column":25},"end":{"line":22,"column":5}},"6":{"start":{"line":17,"column":8},"end":{"line":17,"column":25}},"7":{"start":{"line":20,"column":8},"end":{"line":20,"column":22}},"8":{"start":{"line":23,"column":4},"end":{"line":26,"column":7}},"9":{"start":{"line":27,"column":4},"end":{"line":27,"column":24}},"10":{"start":{"line":34,"column":0},"end":{"line":36,"column":3}},"11":{"start":{"line":37,"column":0},"end":{"line":37,"column":24}},"12":{"start":{"line":38,"column":11},"end":{"line":38,"column":25}},"13":{"start":{"line":39,"column":19},"end":{"line":39,"column":26}},"14":{"start":{"line":41,"column":2},"end":{"line":46,"column":38}},"15":{"start":{"line":47,"column":2},"end":{"line":47,"column":49}}},"fnMap":{"0":{"name":"(anonymous_0)","decl":{"start":{"line":10,"column":2},"end":{"line":10,"column":3}},"loc":{"start":{"line":12,"column":5},"end":{"line":28,"column":3}},"line":12},"1":{"name":"(anonymous_1)","decl":{"start":{"line":16,"column":6},"end":{"line":16,"column":7}},"loc":{"start":{"line":16,"column":22},"end":{"line":18,"column":7}},"line":16},"2":{"name":"(anonymous_2)","decl":{"start":{"line":19,"column":6},"end":{"line":19,"column":7}},"loc":{"start":{"line":19,"column":23},"end":{"line":21,"column":7}},"line":19},"3":{"name":"render","decl":{"start":{"line":40,"column":9},"end":{"line":40,"column":15}},"loc":{"start":{"line":40,"column":63},"end":{"line":47,"column":1}},"line":40}},"branchMap":{},"s":{"0":1,"1":1,"2":1,"3":1,"4":1,"5":1,"6":1,"7":0,"8":1,"9":1,"10":1,"11":1,"12":1,"13":1,"14":1,"15":1},"f":{"0":1,"1":1,"2":0,"3":1},"b":{},"inputSourceMap":{"0":"{","1":"\"","2":"v","3":"e","4":"r","5":"s","6":"i","7":"o","8":"n","9":"\"","10":":","11":"3","12":",","13":"\"","14":"s","15":"o","16":"u","17":"r","18":"c","19":"e","20":"s","21":"\"","22":":","23":"[","24":"\"","25":"/","26":"v","27":"a","28":"r","29":"/","30":"w","31":"w","32":"w","33":"/","34":"h","35":"t","36":"m","37":"l","38":"/","39":"C","40":"u","41":"r","42":"s","43":"o","44":"s","45":"D","46":"e","47":"v","48":"/","49":"j","50":"o","51":"b","52":"-","53":"s","54":"e","55":"a","56":"r","57":"c","58":"h","59":"-","60":"v","61":"u","62":"e","63":"/","64":"s","65":"r","66":"c","67":"/","68":"c","69":"o","70":"m","71":"p","72":"o","73":"n","74":"e","75":"n","76":"t","77":"s","78":"/","79":"p","80":"r","81":"o","82":"f","83":"i","84":"l","85":"e","86":"_","87":"i","88":"m","89":"a","90":"g","91":"e","92":"_","93":"c","94":"o","95":"m","96":"p","97":"o","98":"n","99":"e","100":"n","101":"t","102":".","103":"v","104":"u","105":"e","106":"\"","107":"]","108":",","109":"\"","110":"n","111":"a","112":"m","113":"e","114":"s","115":"\"","116":":","117":"[","118":"]","119":",","120":"\"","121":"m","122":"a","123":"p","124":"p","125":"i","126":"n","127":"g","128":"s","129":"\"","130":":","131":"\"","132":";","133":";","134":";","135":";","136":";","137":";","138":";","139":";","140":";","141":";","142":";","143":";","144":";","145":"I","146":"A","147":"U","148":"A","149":",","150":"I","151":"A","152":"A","153":"I","154":",","155":"S","156":"A","157":"A","158":"S","159":",","160":"G","161":"A","162":"C","163":"X","164":",","165":"8","166":"F","167":"A","168":"A","169":"8","170":"F","171":"\"","172":",","173":"\"","174":"f","175":"i","176":"l","177":"e","178":"\"","179":":","180":"\"","181":"/","182":"v","183":"a","184":"r","185":"/","186":"w","187":"w","188":"w","189":"/","190":"h","191":"t","192":"m","193":"l","194":"/","195":"C","196":"u","197":"r","198":"s","199":"o","200":"s","201":"D","202":"e","203":"v","204":"/","205":"j","206":"o","207":"b","208":"-","209":"s","210":"e","211":"a","212":"r","213":"c","214":"h","215":"-","216":"v","217":"u","218":"e","219":"/","220":"s","221":"r","222":"c","223":"/","224":"c","225":"o","226":"m","227":"p","228":"o","229":"n","230":"e","231":"n","232":"t","233":"s","234":"/","235":"p","236":"r","237":"o","238":"f","239":"i","240":"l","241":"e","242":"_","243":"i","244":"m","245":"a","246":"g","247":"e","248":"_","249":"c","250":"o","251":"m","252":"p","253":"o","254":"n","255":"e","256":"n","257":"t","258":".","259":"v","260":"u","261":"e","262":"\"","263":",","264":"\"","265":"s","266":"o","267":"u","268":"r","269":"c","270":"e","271":"s","272":"C","273":"o","274":"n","275":"t","276":"e","277":"n","278":"t","279":"\"","280":":","281":"[","282":"\"","283":"<","284":"t","285":"e","286":"m","287":"p","288":"l","289":"a","290":"t","291":"e","292":">","293":"\\","294":"n","295":" ","296":" ","297":"<","298":"i","299":"m","300":"g","301":"\\","302":"n","303":" ","304":" ","305":" ","306":" ","307":":","308":"s","309":"r","310":"c","311":"=","312":"\\","313":"\"","314":"i","315":"m","316":"a","317":"g","318":"e","319":"L","320":"i","321":"n","322":"k","323":"\\","324":"\"","325":"\\","326":"n","327":" ","328":" ","329":" ","330":" ","331":"a","332":"l","333":"t","334":"=","335":"\\","336":"\"","337":"\\","338":"\"","339":"\\","340":"n","341":" ","342":" ","343":" ","344":" ","345":"s","346":"r","347":"c","348":"s","349":"e","350":"t","351":"=","352":"\\","353":"\"","354":"\\","355":"\"","356":"\\","357":"n","358":" ","359":" ","360":" ","361":" ","362":"c","363":"l","364":"a","365":"s","366":"s","367":"=","368":"\\","369":"\"","370":"w","371":"-","372":"8","373":" ","374":"h","375":"-","376":"8","377":" ","378":"o","379":"b","380":"j","381":"e","382":"c","383":"t","384":"-","385":"c","386":"o","387":"n","388":"t","389":"a","390":"i","391":"n","392":" ","393":"r","394":"o","395":"u","396":"n","397":"d","398":"e","399":"d","400":"-","401":"3","402":"x","403":"l","404":"\\","405":"\"","406":"\\","407":"n","408":" ","409":" ","410":"/","411":">","412":"\\","413":"n","414":"<","415":"/","416":"t","417":"e","418":"m","419":"p","420":"l","421":"a","422":"t","423":"e","424":">","425":"\\","426":"n","427":"\\","428":"n","429":"<","430":"s","431":"c","432":"r","433":"i","434":"p","435":"t","436":" ","437":"s","438":"e","439":"t","440":"u","441":"p","442":">","443":"\\","444":"n","445":"l","446":"e","447":"t","448":" ","449":"i","450":"m","451":"a","452":"g","453":"e","454":"L","455":"i","456":"n","457":"k","458":" ","459":"=","460":"\\","461":"n","462":" ","463":" ","464":"\\","465":"\"","466":"h","467":"t","468":"t","469":"p","470":"s","471":":","472":"/","473":"/","474":"w","475":"w","476":"w","477":".","478":"p","479":"n","480":"g","481":"i","482":"t","483":"e","484":"m","485":".","486":"c","487":"o","488":"m","489":"/","490":"p","491":"i","492":"m","493":"g","494":"s","495":"/","496":"m","497":"/","498":"4","499":"8","500":"7","501":"-","502":"4","503":"8","504":"7","505":"6","506":"4","507":"1","508":"7","509":"_","510":"l","511":"i","512":"n","513":"k","514":"-","515":"h","516":"e","517":"a","518":"d","519":"-","520":"p","521":"n","522":"g","523":"-","524":"t","525":"o","526":"o","527":"n","528":"-","529":"l","530":"i","531":"n","532":"k","533":"-","534":"f","535":"a","536":"c","537":"e","538":"-","539":"p","540":"n","541":"g","542":"-","543":"t","544":"r","545":"a","546":"n","547":"s","548":"p","549":"a","550":"r","551":"e","552":"n","553":"t","554":".","555":"p","556":"n","557":"g","558":"\\","559":"\"","560":";","561":"\\","562":"n","563":"<","564":"/","565":"s","566":"c","567":"r","568":"i","569":"p","570":"t","571":">","572":"\\","573":"n","574":"\\","575":"n","576":"<","577":"s","578":"t","579":"y","580":"l","581":"e","582":" ","583":"l","584":"a","585":"n","586":"g","587":"=","588":"\\","589":"\"","590":"s","591":"c","592":"s","593":"s","594":"\\","595":"\"","596":" ","597":"s","598":"c","599":"o","600":"p","601":"e","602":"d","603":">","604":"<","605":"/","606":"s","607":"t","608":"y","609":"l","610":"e","611":">","612":"\\","613":"n","614":"\"","615":"]","616":"}"},"_coverageSchema":"1a1c01bbd47fc00a2c39e90264f33305004495a9","hash":"382395b46585052605c7323b0d369e05f91846a3"}
,"/var/www/html/CursosDev/job-search-vue/src/components/sub_nav_component.vue": {"path":"/var/www/html/CursosDev/job-search-vue/src/components/sub_nav_component.vue","statementMap":{"0":{"start":{"line":4,"column":0},"end":{"line":6,"column":3}},"1":{"start":{"line":7,"column":0},"end":{"line":7,"column":25}},"2":{"start":{"line":8,"column":15},"end":{"line":29,"column":1}},"3":{"start":{"line":13,"column":4},"end":{"line":13,"column":13}},"4":{"start":{"line":14,"column":26},"end":{"line":14,"column":30}},"5":{"start":{"line":15,"column":25},"end":{"line":22,"column":5}},"6":{"start":{"line":17,"column":8},"end":{"line":17,"column":31}},"7":{"start":{"line":20,"column":8},"end":{"line":20,"column":28}},"8":{"start":{"line":23,"column":4},"end":{"line":26,"column":7}},"9":{"start":{"line":27,"column":4},"end":{"line":27,"column":24}},"10":{"start":{"line":34,"column":0},"end":{"line":36,"column":3}},"11":{"start":{"line":37,"column":0},"end":{"line":37,"column":24}},"12":{"start":{"line":38,"column":11},"end":{"line":38,"column":25}},"13":{"start":{"line":39,"column":19},"end":{"line":41,"column":1}},"14":{"start":{"line":42,"column":19},"end":{"line":44,"column":1}},"15":{"start":{"line":45,"column":19},"end":{"line":48,"column":1}},"16":{"start":{"line":49,"column":32},"end":{"line":51,"column":88}},"17":{"start":{"line":54,"column":39},"end":{"line":54,"column":86}},"18":{"start":{"line":55,"column":2},"end":{"line":58,"column":69}},"19":{"start":{"line":59,"column":2},"end":{"line":59,"column":49}}},"fnMap":{"0":{"name":"(anonymous_0)","decl":{"start":{"line":10,"column":2},"end":{"line":10,"column":3}},"loc":{"start":{"line":12,"column":5},"end":{"line":28,"column":3}},"line":12},"1":{"name":"(anonymous_1)","decl":{"start":{"line":16,"column":6},"end":{"line":16,"column":7}},"loc":{"start":{"line":16,"column":28},"end":{"line":18,"column":7}},"line":16},"2":{"name":"(anonymous_2)","decl":{"start":{"line":19,"column":6},"end":{"line":19,"column":7}},"loc":{"start":{"line":19,"column":29},"end":{"line":21,"column":7}},"line":19},"3":{"name":"render","decl":{"start":{"line":53,"column":9},"end":{"line":53,"column":15}},"loc":{"start":{"line":53,"column":63},"end":{"line":59,"column":1}},"line":53}},"branchMap":{"0":{"loc":{"start":{"line":55,"column":130},"end":{"line":58,"column":64}},"type":"cond-expr","locations":[{"start":{"line":55,"column":156},"end":{"line":58,"column":18}},{"start":{"line":58,"column":22},"end":{"line":58,"column":64}}],"line":55}},"s":{"0":1,"1":1,"2":1,"3":2,"4":2,"5":2,"6":2,"7":0,"8":2,"9":2,"10":1,"11":1,"12":1,"13":1,"14":1,"15":1,"16":1,"17":2,"18":2,"19":1},"f":{"0":2,"1":2,"2":0,"3":2},"b":{"0":[2,0]},"inputSourceMap":{"0":"{","1":"\"","2":"v","3":"e","4":"r","5":"s","6":"i","7":"o","8":"n","9":"\"","10":":","11":"3","12":",","13":"\"","14":"s","15":"o","16":"u","17":"r","18":"c","19":"e","20":"s","21":"\"","22":":","23":"[","24":"\"","25":"/","26":"v","27":"a","28":"r","29":"/","30":"w","31":"w","32":"w","33":"/","34":"h","35":"t","36":"m","37":"l","38":"/","39":"C","40":"u","41":"r","42":"s","43":"o","44":"s","45":"D","46":"e","47":"v","48":"/","49":"j","50":"o","51":"b","52":"-","53":"s","54":"e","55":"a","56":"r","57":"c","58":"h","59":"-","60":"v","61":"u","62":"e","63":"/","64":"s","65":"r","66":"c","67":"/","68":"c","69":"o","70":"m","71":"p","72":"o","73":"n","74":"e","75":"n","76":"t","77":"s","78":"/","79":"s","80":"u","81":"b","82":"_","83":"n","84":"a","85":"v","86":"_","87":"c","88":"o","89":"m","90":"p","91":"o","92":"n","93":"e","94":"n","95":"t","96":".","97":"v","98":"u","99":"e","100":"\"","101":"]","102":",","103":"\"","104":"n","105":"a","106":"m","107":"e","108":"s","109":"\"","110":":","111":"[","112":"]","113":",","114":"\"","115":"m","116":"a","117":"p","118":"p","119":"i","120":"n","121":"g","122":"s","123":"\"","124":":","125":"\"","126":";","127":";","128":";","129":";","130":";","131":";","132":";","133":";","134":";","135":";","136":";","137":";","138":";","139":"I","140":"A","141":"g","142":"B","143":"A","144":",","145":"I","146":"A","147":"A","148":"I","149":",","150":"e","151":"A","152":"A","153":"e","154":",","155":"G","156":"A","157":"A","158":"G","159":",","160":"I","161":"A","162":"A","163":"I","164":"\"","165":",","166":"\"","167":"f","168":"i","169":"l","170":"e","171":"\"","172":":","173":"\"","174":"/","175":"v","176":"a","177":"r","178":"/","179":"w","180":"w","181":"w","182":"/","183":"h","184":"t","185":"m","186":"l","187":"/","188":"C","189":"u","190":"r","191":"s","192":"o","193":"s","194":"D","195":"e","196":"v","197":"/","198":"j","199":"o","200":"b","201":"-","202":"s","203":"e","204":"a","205":"r","206":"c","207":"h","208":"-","209":"v","210":"u","211":"e","212":"/","213":"s","214":"r","215":"c","216":"/","217":"c","218":"o","219":"m","220":"p","221":"o","222":"n","223":"e","224":"n","225":"t","226":"s","227":"/","228":"s","229":"u","230":"b","231":"_","232":"n","233":"a","234":"v","235":"_","236":"c","237":"o","238":"m","239":"p","240":"o","241":"n","242":"e","243":"n","244":"t","245":".","246":"v","247":"u","248":"e","249":"\"","250":",","251":"\"","252":"s","253":"o","254":"u","255":"r","256":"c","257":"e","258":"s","259":"C","260":"o","261":"n","262":"t","263":"e","264":"n","265":"t","266":"\"","267":":","268":"[","269":"\"","270":"<","271":"t","272":"e","273":"m","274":"p","275":"l","276":"a","277":"t","278":"e","279":">","280":"\\","281":"n","282":" ","283":" ","284":"<","285":"d","286":"i","287":"v","288":" ","289":"c","290":"l","291":"a","292":"s","293":"s","294":"=","295":"\\","296":"\"","297":"w","298":"-","299":"f","300":"u","301":"l","302":"l","303":" ","304":"h","305":"-","306":"1","307":"6","308":" ","309":"b","310":"g","311":"-","312":"w","313":"h","314":"i","315":"t","316":"e","317":" ","318":"b","319":"o","320":"r","321":"d","322":"e","323":"r","324":"-","325":"b","326":" ","327":"b","328":"o","329":"r","330":"d","331":"e","332":"r","333":"-","334":"s","335":"o","336":"l","337":"i","338":"d","339":" ","340":"b","341":"o","342":"r","343":"d","344":"e","345":"r","346":"-","347":"b","348":"r","349":"a","350":"n","351":"d","352":"-","353":"g","354":"r","355":"a","356":"y","357":"-","358":"1","359":"\\","360":"\"","361":">","362":"\\","363":"n","364":" ","365":" ","366":" ","367":" ","368":"<","369":"d","370":"i","371":"v","372":" ","373":"c","374":"l","375":"a","376":"s","377":"s","378":"=","379":"\\","380":"\"","381":"f","382":"l","383":"e","384":"x","385":" ","386":"i","387":"t","388":"e","389":"m","390":"s","391":"-","392":"c","393":"e","394":"n","395":"t","396":"e","397":"r","398":" ","399":"h","400":"-","401":"f","402":"u","403":"l","404":"l","405":" ","406":"p","407":"x","408":"-","409":"8","410":"\\","411":"\"","412":">","413":"\\","414":"n","415":" ","416":" ","417":" ","418":" ","419":" ","420":" ","421":"<","422":"d","423":"i","424":"v","425":" ","426":"v","427":"-","428":"i","429":"f","430":"=","431":"\\","432":"\"","433":"o","434":"n","435":"J","436":"o","437":"b","438":"R","439":"e","440":"s","441":"u","442":"l","443":"t","444":"P","445":"a","446":"g","447":"e","448":"\\","449":"\"","450":" ","451":"d","452":"a","453":"t","454":"a","455":"-","456":"t","457":"e","458":"s","459":"t","460":"=","461":"\\","462":"\"","463":"j","464":"o","465":"b","466":"-","467":"c","468":"o","469":"u","470":"n","471":"t","472":"\\","473":"\"","474":">","475":"\\","476":"n","477":" ","478":" ","479":" ","480":" ","481":" ","482":" ","483":" ","484":" ","485":"<","486":"!","487":"-","488":"-","489":" ","490":"C","491":"o","492":"m","493":"p","494":"o","495":"n","496":"e","497":"n","498":"t","499":"e","500":" ","501":"G","502":"l","503":"o","504":"b","505":"a","506":"l","507":" ","508":"-","509":"-","510":">","511":"\\","512":"n","513":" ","514":" ","515":" ","516":" ","517":" ","518":" ","519":" ","520":" ","521":"<","522":"f","523":"o","524":"n","525":"t","526":"-","527":"a","528":"w","529":"e","530":"s","531":"o","532":"m","533":"e","534":"-","535":"i","536":"c","537":"o","538":"n","539":" ","540":":","541":"i","542":"c","543":"o","544":"n","545":"=","546":"\\","547":"\"","548":"[","549":"'","550":"f","551":"a","552":"s","553":"'","554":",","555":" ","556":"'","557":"s","558":"e","559":"a","560":"r","561":"c","562":"h","563":"'","564":"]","565":"\\","566":"\"","567":" ","568":"c","569":"l","570":"a","571":"s","572":"s","573":"=","574":"\\","575":"\"","576":"m","577":"r","578":"-","579":"3","580":"\\","581":"\"","582":" ","583":"/","584":">","585":"\\","586":"n","587":" ","588":" ","589":" ","590":" ","591":" ","592":" ","593":" ","594":" ","595":"<","596":"s","597":"p","598":"a","599":"n","600":">","601":"\\","602":"n","603":" ","604":" ","605":" ","606":" ","607":" ","608":" ","609":" ","610":" ","611":" ","612":" ","613":"<","614":"s","615":"p","616":"a","617":"n","618":" ","619":"c","620":"l","621":"a","622":"s","623":"s","624":"=","625":"\\","626":"\"","627":"t","628":"e","629":"x","630":"t","631":"-","632":"b","633":"r","634":"a","635":"n","636":"d","637":"-","638":"g","639":"r","640":"e","641":"e","642":"n","643":"-","644":"1","645":"\\","646":"\"","647":">","648":"1","649":"6","650":"5","651":"3","652":"<","653":"/","654":"s","655":"p","656":"a","657":"n","658":">","659":"\\","660":"n","661":" ","662":" ","663":" ","664":" ","665":" ","666":" ","667":" ","668":" ","669":" ","670":" ","671":"j","672":"o","673":"b","674":"s","675":" ","676":"m","677":"a","678":"t","679":"c","680":"h","681":"e","682":"d","683":"\\","684":"n","685":" ","686":" ","687":" ","688":" ","689":" ","690":" ","691":" ","692":" ","693":"<","694":"/","695":"s","696":"p","697":"a","698":"n","699":">","700":"\\","701":"n","702":" ","703":" ","704":" ","705":" ","706":" ","707":" ","708":"<","709":"/","710":"d","711":"i","712":"v","713":">","714":"\\","715":"n","716":" ","717":" ","718":" ","719":" ","720":"<","721":"/","722":"d","723":"i","724":"v","725":">","726":"\\","727":"n","728":" ","729":" ","730":"<","731":"/","732":"d","733":"i","734":"v","735":">","736":"\\","737":"n","738":"<","739":"/","740":"t","741":"e","742":"m","743":"p","744":"l","745":"a","746":"t","747":"e","748":">","749":"\\","750":"n","751":"\\","752":"n","753":"<","754":"s","755":"c","756":"r","757":"i","758":"p","759":"t","760":" ","761":"s","762":"e","763":"t","764":"u","765":"p","766":">","767":"\\","768":"n","769":"l","770":"e","771":"t","772":" ","773":"o","774":"n","775":"J","776":"o","777":"b","778":"R","779":"e","780":"s","781":"u","782":"l","783":"t","784":"P","785":"a","786":"g","787":"e","788":" ","789":"=","790":" ","791":"t","792":"r","793":"u","794":"e","795":";","796":"\\","797":"n","798":"<","799":"/","800":"s","801":"c","802":"r","803":"i","804":"p","805":"t","806":">","807":"\\","808":"n","809":"\\","810":"n","811":"<","812":"s","813":"t","814":"y","815":"l","816":"e","817":" ","818":"l","819":"a","820":"n","821":"g","822":"=","823":"\\","824":"\"","825":"s","826":"c","827":"s","828":"s","829":"\\","830":"\"","831":" ","832":"s","833":"c","834":"o","835":"p","836":"e","837":"d","838":">","839":"<","840":"/","841":"s","842":"t","843":"y","844":"l","845":"e","846":">","847":"\\","848":"n","849":"\"","850":"]","851":"}"},"_coverageSchema":"1a1c01bbd47fc00a2c39e90264f33305004495a9","hash":"cba68b410630f434e337e8cdeafc9ea255464edb"}
}
