TN:
SF:src/components/action_button_component.vue
FN:11,render
FNF:1
FNH:1
FNDA:4,render
DA:3,1
DA:6,1
DA:7,1
DA:8,1
DA:12,4
DA:13,1
LF:6
LH:6
BRF:0
BRH:0
end_of_record
TN:
SF:src/components/main_nav_component.vue
FN:125,render
FN:129,(anonymous_1)
FNF:2
FNH:2
FNDA:5,render
FNDA:30,(anonymous_1)
DA:4,1
DA:5,1
DA:8,1
DA:97,1
DA:100,1
DA:101,1
DA:102,1
DA:105,1
DA:108,1
DA:111,1
DA:112,1
DA:115,1
DA:118,1
DA:122,1
DA:126,5
DA:130,30
DA:142,1
LF:17
LH:17
BRDA:134,0,0,1
BRDA:134,0,1,4
BRF:2
BRH:2
end_of_record
TN:
SF:src/components/profile_image_component.vue
FN:10,(anonymous_0)
FN:16,(anonymous_1)
FN:19,(anonymous_2)
FN:40,render
FNF:4
FNH:3
FNDA:1,(anonymous_0)
FNDA:1,(anonymous_1)
FNDA:0,(anonymous_2)
FNDA:1,render
DA:4,1
DA:7,1
DA:8,1
DA:13,1
DA:14,1
DA:15,1
DA:17,1
DA:20,0
DA:23,1
DA:27,1
DA:34,1
DA:37,1
DA:38,1
DA:39,1
DA:41,1
DA:47,1
LF:16
LH:15
BRF:0
BRH:0
end_of_record
