TN:
SF:src/components/job_search/head_line_component.vue
FN:133,render
FNF:1
FNH:1
FNDA:7,render
DA:4,1
DA:5,1
DA:8,1
DA:116,1
DA:119,1
DA:120,1
DA:121,1
DA:124,1
DA:128,1
DA:129,1
DA:134,7
DA:137,1
LF:12
LH:12
BRF:0
BRH:0
end_of_record
TN:
SF:src/components/navegation/profile_image_component.vue
FN:10,(anonymous_0)
FN:16,(anonymous_1)
FN:19,(anonymous_2)
FN:40,render
FNF:4
FNH:3
FNDA:1,(anonymous_0)
FNDA:1,(anonymous_1)
FNDA:0,(anonymous_2)
FNDA:1,render
DA:4,1
DA:7,1
DA:8,1
DA:13,1
DA:14,1
DA:15,1
DA:17,1
DA:20,0
DA:23,1
DA:27,1
DA:34,1
DA:37,1
DA:38,1
DA:39,1
DA:41,1
DA:47,1
LF:16
LH:15
BRF:0
BRH:0
end_of_record
TN:
SF:src/components/navegation/sub_nav_component.vue
FN:10,(anonymous_0)
FN:16,(anonymous_1)
FN:19,(anonymous_2)
FN:53,render
FNF:4
FNH:3
FNDA:2,(anonymous_0)
FNDA:2,(anonymous_1)
FNDA:0,(anonymous_2)
FNDA:2,render
DA:4,1
DA:7,1
DA:8,1
DA:13,2
DA:14,2
DA:15,2
DA:17,2
DA:20,0
DA:23,2
DA:27,2
DA:34,1
DA:37,1
DA:38,1
DA:39,1
DA:42,1
DA:45,1
DA:49,1
DA:54,2
DA:55,2
DA:59,1
LF:20
LH:19
BRDA:55,0,0,2
BRDA:55,0,1,0
BRF:2
BRH:1
end_of_record
TN:
SF:src/components/shared/action_button_component.vue
FN:74,render
FNF:1
FNH:1
FNDA:2,render
DA:4,1
DA:7,1
DA:69,1
DA:72,1
DA:73,1
DA:75,2
DA:78,1
LF:7
LH:7
BRF:0
BRH:0
end_of_record
TN:
SF:src/utils/next_element_in_list.js
FN:1,(anonymous_0)
FNF:1
FNH:1
FNDA:5,(anonymous_0)
DA:1,2
DA:2,5
DA:3,5
DA:4,5
DA:5,5
LF:5
LH:5
BRF:0
BRH:0
end_of_record
